2020-04-30 03:52:51 - Starting FlightreservationApplication on Doller-LNV with PID 7548 (C:\Users\dolow\git\SpringTTLProject\flightreservation\target\classes started by dolow in C:\Users\dolow\git\SpringTTLProject\flightreservation)
2020-04-30 03:52:51 - No active profile set, falling back to default profiles: default
2020-04-30 03:52:53 - Bootstrapping Spring Data JPA repositories in DEFAULT mode.
2020-04-30 03:52:53 - Finished Spring Data repository scanning in 149ms. Found 4 JPA repository interfaces.
2020-04-30 03:52:54 - Tomcat initialized with port(s): 8080 (http)
2020-04-30 03:52:54 - Initializing ProtocolHandler ["http-nio-8080"]
2020-04-30 03:52:54 - Starting service [Tomcat]
2020-04-30 03:52:54 - Starting Servlet engine: [Apache Tomcat/9.0.33]
2020-04-30 03:52:55 - At least one JAR was scanned for TLDs yet contained no TLDs. Enable debug logging for this logger for a complete list of JARs that were scanned but no TLDs were found in them. Skipping unneeded JARs during scanning can improve startup time and JSP compilation time.
2020-04-30 03:52:55 - Initializing Spring embedded WebApplicationContext
2020-04-30 03:52:55 - Root WebApplicationContext: initialization completed in 3751 ms
2020-04-30 03:52:55 - HikariPool-1 - Starting...
2020-04-30 03:52:56 - HikariPool-1 - Start completed.
2020-04-30 03:52:56 - HHH000204: Processing PersistenceUnitInfo [name: default]
2020-04-30 03:52:56 - HHH000412: Hibernate ORM core version 5.4.12.Final
2020-04-30 03:52:56 - HCANN000001: Hibernate Commons Annotations {5.1.0.Final}
2020-04-30 03:52:57 - HHH000400: Using dialect: org.hibernate.dialect.MySQL57Dialect
2020-04-30 03:52:58 - HHH000490: Using JtaPlatform implementation: [org.hibernate.engine.transaction.jta.platform.internal.NoJtaPlatform]
2020-04-30 03:52:58 - Initialized JPA EntityManagerFactory for persistence unit 'default'
2020-04-30 03:52:59 - spring.jpa.open-in-view is enabled by default. Therefore, database queries may be performed during view rendering. Explicitly configure spring.jpa.open-in-view to disable this warning
2020-04-30 03:53:00 - Initializing ExecutorService 'applicationTaskExecutor'
2020-04-30 03:53:00 - Adding welcome page: ServletContext resource [/index.html]
2020-04-30 03:53:00 - Starting ProtocolHandler ["http-nio-8080"]
2020-04-30 03:53:00 - Tomcat started on port(s): 8080 (http) with context path '/flightreservation'
2020-04-30 03:53:00 - Started FlightreservationApplication in 10.197 seconds (JVM running for 12.617)
2020-04-30 03:53:29 - Initializing Spring DispatcherServlet 'dispatcherServlet'
2020-04-30 03:53:29 - Initializing Servlet 'dispatcherServlet'
2020-04-30 03:53:29 - Completed initialization in 8 ms
2020-04-30 03:53:29 - Inside showLoginPage()
2020-04-30 03:53:41 - Inside login() and the email is: faizshiraji@gmail.com
2020-04-30 03:53:54 - Inside findFlights() From:AUS TO:NYCDeparture Date: Mon Feb 05 00:00:00 BDT 2018
2020-04-30 03:53:54 - Flight Found are: [Flight [flightNumber=AA1, operatingAirlines=American Airlines, departureCity=AUS, arrivalCity=NYC, dateOfDeparture=2018-02-05 00:00:00.0, estimatedDepartureTime=2018-02-05 03:14:07.0], Flight [flightNumber=AA2, operatingAirlines=American Airlines, departureCity=AUS, arrivalCity=NYC, dateOfDeparture=2018-02-05 00:00:00.0, estimatedDepartureTime=2018-02-05 05:14:07.0], Flight [flightNumber=AA3, operatingAirlines=American Airlines, departureCity=AUS, arrivalCity=NYC, dateOfDeparture=2018-02-05 00:00:00.0, estimatedDepartureTime=2018-02-05 06:14:07.0], Flight [flightNumber=SW1, operatingAirlines=South West, departureCity=AUS, arrivalCity=NYC, dateOfDeparture=2018-02-05 00:00:00.0, estimatedDepartureTime=2018-02-05 07:14:07.0]]
2020-04-30 03:53:56 - showCompleteReservation() invoked with the Flight Id: 4
2020-04-30 03:53:56 - Flight is: Flight [flightNumber=SW1, operatingAirlines=South West, departureCity=AUS, arrivalCity=NYC, dateOfDeparture=2018-02-05 00:00:00.0, estimatedDepartureTime=2018-02-05 07:14:07.0]
2020-04-30 03:54:18 - completeReservation() ReservationRequest [flightId=4, passengerFirstName=Faiz, passengerLastName=Doller, passengerEmail=faizshiraji@gmail.com, passengerPhone=01791631664, nameOnTheCard=111, cardNumber=111, expirationDate=111, securityCode=111]
2020-04-30 03:54:18 - Inside bookFlight()
2020-04-30 03:54:18 - Fetching flight for flight Id: 4
2020-04-30 03:54:18 - Saving the passenger: com.doller.flightreservation.entities.Passenger@4c03a938
2020-04-30 03:54:19 - Saving the reservation: com.doller.flightreservation.entities.Reservation@28745d51
2020-04-30 03:54:19 - Generating the itinerary
2020-04-30 03:54:19 - generateItinerary()
2020-04-30 03:54:19 - Emailing the Itinerary
2020-04-30 03:54:19 - Inside sendItinerary()
2020-04-30 04:08:28 - Application shutdown requested.
2020-04-30 04:08:28 - Shutting down ExecutorService 'applicationTaskExecutor'
2020-04-30 04:08:28 - Closing JPA EntityManagerFactory for persistence unit 'default'
2020-04-30 04:08:28 - HikariPool-1 - Shutdown initiated...
2020-04-30 04:08:28 - HikariPool-1 - Shutdown completed.
